<?xml version="1.0" encoding="UTF-8"?>
<!-- Generated by org.testng.reporters.JUnitXMLReporter -->
<testsuite hostname="DESKTOP-19EM6NF" ignored="0" tests="3" failures="3" timestamp="29 Jun 2019 06:28:11 GMT" time="0.152" errors="0">
  <testcase name="checkPassword" time="0.081" classname="NewTest">
    <failure type="org.junit.ComparisonFailure" message="expected:&amp;lt;[]&amp;gt; but was:&amp;lt;[Password]&amp;gt;">
      <![CDATA[org.junit.ComparisonFailure: expected:<[]> but was:<[Password]>
at org.junit.Assert.assertEquals(Assert.java:115)
at org.junit.Assert.assertEquals(Assert.java:144)
at NewTest.checkPassword(NewTest.java:32)
... Removed 25 stack frames]]>
    </failure>
  </testcase> <!-- checkPassword -->
  <testcase name="checkUnameLabel" time="0.012" classname="NewTest">
    <failure type="org.junit.ComparisonFailure" message="expected:&amp;lt;[AdminLTE 2 | Log in]&amp;gt; but was:&amp;lt;[file:///D:/Selenium%20Software/Offline%20Website/index.html]&amp;gt;">
      <![CDATA[org.junit.ComparisonFailure: expected:<[AdminLTE 2 | Log in]> but was:<[file:///D:/Selenium%20Software/Offline%20Website/index.html]>
at org.junit.Assert.assertEquals(Assert.java:115)
at org.junit.Assert.assertEquals(Assert.java:144)
at NewTest.checkUnameLabel(NewTest.java:21)
... Removed 25 stack frames]]>
    </failure>
  </testcase> <!-- checkUnameLabel -->
  <testcase name="checkEmail" time="0.029" classname="NewTest">
    <failure type="org.junit.ComparisonFailure" message="expected:&amp;lt;[]&amp;gt; but was:&amp;lt;[EMail]&amp;gt;">
      <![CDATA[org.junit.ComparisonFailure: expected:<[]> but was:<[EMail]>
at org.junit.Assert.assertEquals(Assert.java:115)
at org.junit.Assert.assertEquals(Assert.java:144)
at NewTest.checkEmail(NewTest.java:27)
... Removed 25 stack frames]]>
    </failure>
  </testcase> <!-- checkEmail -->
</testsuite>
